
=== Mon May  3 16:51:49 2021

Packages were changed.
Update Mode: mergeDefaultDependencies

The following packages were 追加済:
  com.unity.collab-proxy@1.3.9
  com.unity.ide.rider@2.0.7
  com.unity.ide.visualstudio@2.0.7
  com.unity.ide.vscode@1.2.3
  com.unity.modules.ai@1.0.0
  com.unity.modules.androidjni@1.0.0
  com.unity.modules.animation@1.0.0
  com.unity.modules.assetbundle@1.0.0
  com.unity.modules.audio@1.0.0
  com.unity.modules.cloth@1.0.0
  com.unity.modules.director@1.0.0
  com.unity.modules.imageconversion@1.0.0
  com.unity.modules.imgui@1.0.0
  com.unity.modules.jsonserialize@1.0.0
  com.unity.modules.particlesystem@1.0.0
  com.unity.modules.physics@1.0.0
  com.unity.modules.physics2d@1.0.0
  com.unity.modules.screencapture@1.0.0
  com.unity.modules.terrain@1.0.0
  com.unity.modules.terrainphysics@1.0.0
  com.unity.modules.tilemap@1.0.0
  com.unity.modules.ui@1.0.0
  com.unity.modules.uielements@1.0.0
  com.unity.modules.umbra@1.0.0
  com.unity.modules.unityanalytics@1.0.0
  com.unity.modules.unitywebrequest@1.0.0
  com.unity.modules.unitywebrequestassetbundle@1.0.0
  com.unity.modules.unitywebrequestaudio@1.0.0
  com.unity.modules.unitywebrequesttexture@1.0.0
  com.unity.modules.unitywebrequestwww@1.0.0
  com.unity.modules.vehicles@1.0.0
  com.unity.modules.video@1.0.0
  com.unity.modules.vr@1.0.0
  com.unity.modules.wind@1.0.0
  com.unity.modules.xr@1.0.0
  com.unity.test-framework@1.1.24
  com.unity.textmeshpro@3.0.4
  com.unity.timeline@1.4.7
  com.unity.ugui@1.0.0
The following packages were 更新済:
  com.unity.2d.animation をバージョン 5.0.1 から 5.0.4 へ
  com.unity.2d.psdimporter をバージョン 4.0.1 から 4.0.2 へ
  com.unity.2d.spriteshape をバージョン 5.0.1 から 5.1.1 へ

=== Fri Apr  1 10:15:47 2022

Packages were changed.
Update Mode: updateDependencies

The following packages were 更新済:
  com.unity.2d.animation をバージョン 5.0.4 から 5.1.0 へ
  com.unity.2d.psdimporter をバージョン 4.0.2 から 4.2.0 へ
  com.unity.2d.spriteshape をバージョン 5.1.1 から 5.2.0 へ
  com.unity.collab-proxy をバージョン 1.3.9 から 1.15.7 へ
  com.unity.ide.visualstudio をバージョン 2.0.7 から 2.0.14 へ
  com.unity.ide.vscode をバージョン 1.2.3 から 1.2.4 へ
  com.unity.test-framework をバージョン 1.1.24 から 1.1.29 へ
  com.unity.textmeshpro をバージョン 3.0.4 から 3.0.6 へ
  com.unity.timeline をバージョン 1.4.7 から 1.4.8 へ
